[debug] [2020-10-22T08:37:29.969Z] ----------------------------------------------------------------------
[debug] [2020-10-22T08:37:29.974Z] Command:       C:\Program Files\nodejs\node.exe C:\Users\artis\AppData\Roaming\npm\node_modules\firebase-tools\lib\bin\firebase.js init
[debug] [2020-10-22T08:37:29.975Z] CLI Version:   8.13.1
[debug] [2020-10-22T08:37:29.975Z] Platform:      win32
[debug] [2020-10-22T08:37:29.976Z] Node Version:  v14.14.0
[debug] [2020-10-22T08:37:29.978Z] Time:          Thu Oct 22 2020 17:37:29 GMT+0900 (대한민국 표준시)
[debug] [2020-10-22T08:37:29.979Z] ----------------------------------------------------------------------
[debug] [2020-10-22T08:37:29.979Z] 
[debug] [2020-10-22T08:37:29.994Z] > command requires scopes: ["email","openid","https://www.googleapis.com/auth/cloudplatformprojects.readonly","https://www.googleapis.com/auth/firebase","https://www.googleapis.com/auth/cloud-platform"]
[debug] [2020-10-22T08:37:29.995Z] > authorizing via signed-in user
[info] 
     ######## #### ########  ######## ########     ###     ######  ########
     ##        ##  ##     ## ##       ##     ##  ##   ##  ##       ##
     ######    ##  ########  ######   ########  #########  ######  ######
     ##        ##  ##    ##  ##       ##     ## ##     ##       ## ##
     ##       #### ##     ## ######## ########  ##     ##  ######  ########

You're about to initialize a Firebase project in this directory:

  C:\Users\artis\OneDrive\문서\Board\vb

Before we get started, keep in mind:

  * You are initializing in an existing Firebase project directory

